Arguments: 
  D:\node\node.exe C:\Users\Administrator.SKY-20170505MKV\AppData\Roaming\npm\node_modules\yarn\bin\yarn.js start

PATH: 
  C:\Windows\system32;C:\Windows;C:\Windows\System32\Wbem;C:\Windows\System32\WindowsPowerShell\v1.0\;D:\git\Git\cmd;D:\node\;C:\Program Files\MongoDB\Server\3.6\bin;C:\Users\Administrator.SKY-20170505MKV\AppData\Roaming\npm;D:\vsCode\Microsoft VS Code\bin

Yarn version: 
  1.5.1

Node version: 
  8.9.4

Platform: 
  win32 x64

npm manifest: 
  No manifest

yarn manifest: 
  No manifest

Lockfile: 
  No lockfile

Trace: 
  Error: Couldn't find a package.json file in "C:\\Users\\Administrator.SKY-20170505MKV\\Desktop\\meilel"
      at new MessageError (C:\Users\Administrator.SKY-20170505MKV\AppData\Roaming\npm\node_modules\yarn\lib\cli.js:186:110)
      at C:\Users\Administrator.SKY-20170505MKV\AppData\Roaming\npm\node_modules\yarn\lib\cli.js:40048:15
      at Generator.next (<anonymous>)
      at step (C:\Users\Administrator.SKY-20170505MKV\AppData\Roaming\npm\node_modules\yarn\lib\cli.js:98:30)
      at C:\Users\Administrator.SKY-20170505MKV\AppData\Roaming\npm\node_modules\yarn\lib\cli.js:109:13
      at <anonymous>
